<?xml version="1.0" encoding="UTF-8"?>
<testsuite xmlns:xsi="http://www.w3.org/2001/XMLSchema-instance" xsi:noNamespaceSchemaLocation="https://maven.apache.org/surefire/maven-surefire-plugin/xsd/surefire-test-report.xsd" name="com.persistence.entities.repository.UserRepositoryTests" time="6.938" tests="4" errors="0" skipped="0" failures="0">
  <properties>
    <property name="sun.desktop" value="windows"/>
    <property name="awt.toolkit" value="sun.awt.windows.WToolkit"/>
    <property name="file.encoding.pkg" value="sun.io"/>
    <property name="java.specification.version" value="1.8"/>
    <property name="sun.cpu.isalist" value="pentium_pro+mmx pentium_pro pentium+mmx pentium i486 i386 i86"/>
    <property name="sun.jnu.encoding" value="Cp1252"/>
    <property name="java.class.path" value="D:\workspaces\Spring\runthecode\persistence\target\test-classes;D:\workspaces\Spring\runthecode\persistence\target\classes;D:\TMS\maven_repo\com\h2database\h2\1.4.197\h2-1.4.197.jar;D:\TMS\maven_repo\org\springframework\boot\spring-boot-starter-data-jpa\2.0.5.RELEASE\spring-boot-starter-data-jpa-2.0.5.RELEASE.jar;D:\TMS\maven_repo\org\springframework\boot\spring-boot-starter\2.0.5.RELEASE\spring-boot-starter-2.0.5.RELEASE.jar;D:\TMS\maven_repo\org\springframework\boot\spring-boot\2.0.5.RELEASE\spring-boot-2.0.5.RELEASE.jar;D:\TMS\maven_repo\org\springframework\boot\spring-boot-autoconfigure\2.0.5.RELEASE\spring-boot-autoconfigure-2.0.5.RELEASE.jar;D:\TMS\maven_repo\org\springframework\boot\spring-boot-starter-logging\2.0.5.RELEASE\spring-boot-starter-logging-2.0.5.RELEASE.jar;D:\TMS\maven_repo\ch\qos\logback\logback-classic\1.2.3\logback-classic-1.2.3.jar;D:\TMS\maven_repo\ch\qos\logback\logback-core\1.2.3\logback-core-1.2.3.jar;D:\TMS\maven_repo\org\apache\logging\log4j\log4j-to-slf4j\2.10.0\log4j-to-slf4j-2.10.0.jar;D:\TMS\maven_repo\org\apache\logging\log4j\log4j-api\2.10.0\log4j-api-2.10.0.jar;D:\TMS\maven_repo\org\slf4j\jul-to-slf4j\1.7.25\jul-to-slf4j-1.7.25.jar;D:\TMS\maven_repo\javax\annotation\javax.annotation-api\1.3.2\javax.annotation-api-1.3.2.jar;D:\TMS\maven_repo\org\yaml\snakeyaml\1.19\snakeyaml-1.19.jar;D:\TMS\maven_repo\org\springframework\boot\spring-boot-starter-aop\2.0.5.RELEASE\spring-boot-starter-aop-2.0.5.RELEASE.jar;D:\TMS\maven_repo\org\springframework\spring-aop\5.0.9.RELEASE\spring-aop-5.0.9.RELEASE.jar;D:\TMS\maven_repo\org\aspectj\aspectjweaver\1.8.13\aspectjweaver-1.8.13.jar;D:\TMS\maven_repo\org\springframework\boot\spring-boot-starter-jdbc\2.0.5.RELEASE\spring-boot-starter-jdbc-2.0.5.RELEASE.jar;D:\TMS\maven_repo\com\zaxxer\HikariCP\2.7.9\HikariCP-2.7.9.jar;D:\TMS\maven_repo\org\springframework\spring-jdbc\5.0.9.RELEASE\spring-jdbc-5.0.9.RELEASE.jar;D:\TMS\maven_repo\javax\transaction\javax.transaction-api\1.2\javax.transaction-api-1.2.jar;D:\TMS\maven_repo\org\hibernate\hibernate-core\5.2.17.Final\hibernate-core-5.2.17.Final.jar;D:\TMS\maven_repo\org\jboss\logging\jboss-logging\3.3.2.Final\jboss-logging-3.3.2.Final.jar;D:\TMS\maven_repo\org\hibernate\javax\persistence\hibernate-jpa-2.1-api\1.0.2.Final\hibernate-jpa-2.1-api-1.0.2.Final.jar;D:\TMS\maven_repo\org\javassist\javassist\3.22.0-GA\javassist-3.22.0-GA.jar;D:\TMS\maven_repo\antlr\antlr\2.7.7\antlr-2.7.7.jar;D:\TMS\maven_repo\org\jboss\jandex\2.0.3.Final\jandex-2.0.3.Final.jar;D:\TMS\maven_repo\com\fasterxml\classmate\1.3.4\classmate-1.3.4.jar;D:\TMS\maven_repo\dom4j\dom4j\1.6.1\dom4j-1.6.1.jar;D:\TMS\maven_repo\org\hibernate\common\hibernate-commons-annotations\5.0.1.Final\hibernate-commons-annotations-5.0.1.Final.jar;D:\TMS\maven_repo\org\springframework\data\spring-data-jpa\2.0.10.RELEASE\spring-data-jpa-2.0.10.RELEASE.jar;D:\TMS\maven_repo\org\springframework\data\spring-data-commons\2.0.10.RELEASE\spring-data-commons-2.0.10.RELEASE.jar;D:\TMS\maven_repo\org\springframework\spring-orm\5.0.9.RELEASE\spring-orm-5.0.9.RELEASE.jar;D:\TMS\maven_repo\org\springframework\spring-context\5.0.9.RELEASE\spring-context-5.0.9.RELEASE.jar;D:\TMS\maven_repo\org\springframework\spring-expression\5.0.9.RELEASE\spring-expression-5.0.9.RELEASE.jar;D:\TMS\maven_repo\org\springframework\spring-tx\5.0.9.RELEASE\spring-tx-5.0.9.RELEASE.jar;D:\TMS\maven_repo\org\springframework\spring-beans\5.0.9.RELEASE\spring-beans-5.0.9.RELEASE.jar;D:\TMS\maven_repo\org\slf4j\slf4j-api\1.7.25\slf4j-api-1.7.25.jar;D:\TMS\maven_repo\org\springframework\spring-aspects\5.0.9.RELEASE\spring-aspects-5.0.9.RELEASE.jar;D:\TMS\maven_repo\org\springframework\boot\spring-boot-starter-test\2.0.5.RELEASE\spring-boot-starter-test-2.0.5.RELEASE.jar;D:\TMS\maven_repo\org\springframework\boot\spring-boot-test\2.0.5.RELEASE\spring-boot-test-2.0.5.RELEASE.jar;D:\TMS\maven_repo\org\springframework\boot\spring-boot-test-autoconfigure\2.0.5.RELEASE\spring-boot-test-autoconfigure-2.0.5.RELEASE.jar;D:\TMS\maven_repo\com\jayway\jsonpath\json-path\2.4.0\json-path-2.4.0.jar;D:\TMS\maven_repo\net\minidev\json-smart\2.3\json-smart-2.3.jar;D:\TMS\maven_repo\net\minidev\accessors-smart\1.2\accessors-smart-1.2.jar;D:\TMS\maven_repo\org\ow2\asm\asm\5.0.4\asm-5.0.4.jar;D:\TMS\maven_repo\junit\junit\4.12\junit-4.12.jar;D:\TMS\maven_repo\org\assertj\assertj-core\3.9.1\assertj-core-3.9.1.jar;D:\TMS\maven_repo\org\mockito\mockito-core\2.15.0\mockito-core-2.15.0.jar;D:\TMS\maven_repo\net\bytebuddy\byte-buddy\1.7.11\byte-buddy-1.7.11.jar;D:\TMS\maven_repo\net\bytebuddy\byte-buddy-agent\1.7.11\byte-buddy-agent-1.7.11.jar;D:\TMS\maven_repo\org\objenesis\objenesis\2.6\objenesis-2.6.jar;D:\TMS\maven_repo\org\hamcrest\hamcrest-core\1.3\hamcrest-core-1.3.jar;D:\TMS\maven_repo\org\hamcrest\hamcrest-library\1.3\hamcrest-library-1.3.jar;D:\TMS\maven_repo\org\skyscreamer\jsonassert\1.5.0\jsonassert-1.5.0.jar;D:\TMS\maven_repo\com\vaadin\external\google\android-json\0.0.20131108.vaadin1\android-json-0.0.20131108.vaadin1.jar;D:\TMS\maven_repo\org\springframework\spring-core\5.0.9.RELEASE\spring-core-5.0.9.RELEASE.jar;D:\TMS\maven_repo\org\springframework\spring-jcl\5.0.9.RELEASE\spring-jcl-5.0.9.RELEASE.jar;D:\TMS\maven_repo\org\springframework\spring-test\5.0.9.RELEASE\spring-test-5.0.9.RELEASE.jar;D:\TMS\maven_repo\org\xmlunit\xmlunit-core\2.5.1\xmlunit-core-2.5.1.jar;D:\TMS\maven_repo\org\apache\commons\commons-lang3\3.7\commons-lang3-3.7.jar;"/>
    <property name="java.vm.vendor" value="Oracle Corporation"/>
    <property name="sun.arch.data.model" value="32"/>
    <property name="user.variant" value=""/>
    <property name="java.vendor.url" value="http://java.oracle.com/"/>
    <property name="user.timezone" value=""/>
    <property name="java.vm.specification.version" value="1.8"/>
    <property name="os.name" value="Windows 10"/>
    <property name="user.country" value="ES"/>
    <property name="sun.java.launcher" value="SUN_STANDARD"/>
    <property name="sun.boot.library.path" value="D:\TMS\jdks\jdk1.8.0_121\jre\bin"/>
    <property name="sun.java.command" value="C:\Users\RMEHDI\AppData\Local\Temp\surefire3079360321278923778\surefirebooter4840162704160732401.jar C:\Users\RMEHDI\AppData\Local\Temp\surefire3079360321278923778 2019-02-28T02-08-18_680-jvmRun1 surefire3946505984652716438tmp surefire_03057328658310731053tmp"/>
    <property name="surefire.test.class.path" value="D:\workspaces\Spring\runthecode\persistence\target\test-classes;D:\workspaces\Spring\runthecode\persistence\target\classes;D:\TMS\maven_repo\com\h2database\h2\1.4.197\h2-1.4.197.jar;D:\TMS\maven_repo\org\springframework\boot\spring-boot-starter-data-jpa\2.0.5.RELEASE\spring-boot-starter-data-jpa-2.0.5.RELEASE.jar;D:\TMS\maven_repo\org\springframework\boot\spring-boot-starter\2.0.5.RELEASE\spring-boot-starter-2.0.5.RELEASE.jar;D:\TMS\maven_repo\org\springframework\boot\spring-boot\2.0.5.RELEASE\spring-boot-2.0.5.RELEASE.jar;D:\TMS\maven_repo\org\springframework\boot\spring-boot-autoconfigure\2.0.5.RELEASE\spring-boot-autoconfigure-2.0.5.RELEASE.jar;D:\TMS\maven_repo\org\springframework\boot\spring-boot-starter-logging\2.0.5.RELEASE\spring-boot-starter-logging-2.0.5.RELEASE.jar;D:\TMS\maven_repo\ch\qos\logback\logback-classic\1.2.3\logback-classic-1.2.3.jar;D:\TMS\maven_repo\ch\qos\logback\logback-core\1.2.3\logback-core-1.2.3.jar;D:\TMS\maven_repo\org\apache\logging\log4j\log4j-to-slf4j\2.10.0\log4j-to-slf4j-2.10.0.jar;D:\TMS\maven_repo\org\apache\logging\log4j\log4j-api\2.10.0\log4j-api-2.10.0.jar;D:\TMS\maven_repo\org\slf4j\jul-to-slf4j\1.7.25\jul-to-slf4j-1.7.25.jar;D:\TMS\maven_repo\javax\annotation\javax.annotation-api\1.3.2\javax.annotation-api-1.3.2.jar;D:\TMS\maven_repo\org\yaml\snakeyaml\1.19\snakeyaml-1.19.jar;D:\TMS\maven_repo\org\springframework\boot\spring-boot-starter-aop\2.0.5.RELEASE\spring-boot-starter-aop-2.0.5.RELEASE.jar;D:\TMS\maven_repo\org\springframework\spring-aop\5.0.9.RELEASE\spring-aop-5.0.9.RELEASE.jar;D:\TMS\maven_repo\org\aspectj\aspectjweaver\1.8.13\aspectjweaver-1.8.13.jar;D:\TMS\maven_repo\org\springframework\boot\spring-boot-starter-jdbc\2.0.5.RELEASE\spring-boot-starter-jdbc-2.0.5.RELEASE.jar;D:\TMS\maven_repo\com\zaxxer\HikariCP\2.7.9\HikariCP-2.7.9.jar;D:\TMS\maven_repo\org\springframework\spring-jdbc\5.0.9.RELEASE\spring-jdbc-5.0.9.RELEASE.jar;D:\TMS\maven_repo\javax\transaction\javax.transaction-api\1.2\javax.transaction-api-1.2.jar;D:\TMS\maven_repo\org\hibernate\hibernate-core\5.2.17.Final\hibernate-core-5.2.17.Final.jar;D:\TMS\maven_repo\org\jboss\logging\jboss-logging\3.3.2.Final\jboss-logging-3.3.2.Final.jar;D:\TMS\maven_repo\org\hibernate\javax\persistence\hibernate-jpa-2.1-api\1.0.2.Final\hibernate-jpa-2.1-api-1.0.2.Final.jar;D:\TMS\maven_repo\org\javassist\javassist\3.22.0-GA\javassist-3.22.0-GA.jar;D:\TMS\maven_repo\antlr\antlr\2.7.7\antlr-2.7.7.jar;D:\TMS\maven_repo\org\jboss\jandex\2.0.3.Final\jandex-2.0.3.Final.jar;D:\TMS\maven_repo\com\fasterxml\classmate\1.3.4\classmate-1.3.4.jar;D:\TMS\maven_repo\dom4j\dom4j\1.6.1\dom4j-1.6.1.jar;D:\TMS\maven_repo\org\hibernate\common\hibernate-commons-annotations\5.0.1.Final\hibernate-commons-annotations-5.0.1.Final.jar;D:\TMS\maven_repo\org\springframework\data\spring-data-jpa\2.0.10.RELEASE\spring-data-jpa-2.0.10.RELEASE.jar;D:\TMS\maven_repo\org\springframework\data\spring-data-commons\2.0.10.RELEASE\spring-data-commons-2.0.10.RELEASE.jar;D:\TMS\maven_repo\org\springframework\spring-orm\5.0.9.RELEASE\spring-orm-5.0.9.RELEASE.jar;D:\TMS\maven_repo\org\springframework\spring-context\5.0.9.RELEASE\spring-context-5.0.9.RELEASE.jar;D:\TMS\maven_repo\org\springframework\spring-expression\5.0.9.RELEASE\spring-expression-5.0.9.RELEASE.jar;D:\TMS\maven_repo\org\springframework\spring-tx\5.0.9.RELEASE\spring-tx-5.0.9.RELEASE.jar;D:\TMS\maven_repo\org\springframework\spring-beans\5.0.9.RELEASE\spring-beans-5.0.9.RELEASE.jar;D:\TMS\maven_repo\org\slf4j\slf4j-api\1.7.25\slf4j-api-1.7.25.jar;D:\TMS\maven_repo\org\springframework\spring-aspects\5.0.9.RELEASE\spring-aspects-5.0.9.RELEASE.jar;D:\TMS\maven_repo\org\springframework\boot\spring-boot-starter-test\2.0.5.RELEASE\spring-boot-starter-test-2.0.5.RELEASE.jar;D:\TMS\maven_repo\org\springframework\boot\spring-boot-test\2.0.5.RELEASE\spring-boot-test-2.0.5.RELEASE.jar;D:\TMS\maven_repo\org\springframework\boot\spring-boot-test-autoconfigure\2.0.5.RELEASE\spring-boot-test-autoconfigure-2.0.5.RELEASE.jar;D:\TMS\maven_repo\com\jayway\jsonpath\json-path\2.4.0\json-path-2.4.0.jar;D:\TMS\maven_repo\net\minidev\json-smart\2.3\json-smart-2.3.jar;D:\TMS\maven_repo\net\minidev\accessors-smart\1.2\accessors-smart-1.2.jar;D:\TMS\maven_repo\org\ow2\asm\asm\5.0.4\asm-5.0.4.jar;D:\TMS\maven_repo\junit\junit\4.12\junit-4.12.jar;D:\TMS\maven_repo\org\assertj\assertj-core\3.9.1\assertj-core-3.9.1.jar;D:\TMS\maven_repo\org\mockito\mockito-core\2.15.0\mockito-core-2.15.0.jar;D:\TMS\maven_repo\net\bytebuddy\byte-buddy\1.7.11\byte-buddy-1.7.11.jar;D:\TMS\maven_repo\net\bytebuddy\byte-buddy-agent\1.7.11\byte-buddy-agent-1.7.11.jar;D:\TMS\maven_repo\org\objenesis\objenesis\2.6\objenesis-2.6.jar;D:\TMS\maven_repo\org\hamcrest\hamcrest-core\1.3\hamcrest-core-1.3.jar;D:\TMS\maven_repo\org\hamcrest\hamcrest-library\1.3\hamcrest-library-1.3.jar;D:\TMS\maven_repo\org\skyscreamer\jsonassert\1.5.0\jsonassert-1.5.0.jar;D:\TMS\maven_repo\com\vaadin\external\google\android-json\0.0.20131108.vaadin1\android-json-0.0.20131108.vaadin1.jar;D:\TMS\maven_repo\org\springframework\spring-core\5.0.9.RELEASE\spring-core-5.0.9.RELEASE.jar;D:\TMS\maven_repo\org\springframework\spring-jcl\5.0.9.RELEASE\spring-jcl-5.0.9.RELEASE.jar;D:\TMS\maven_repo\org\springframework\spring-test\5.0.9.RELEASE\spring-test-5.0.9.RELEASE.jar;D:\TMS\maven_repo\org\xmlunit\xmlunit-core\2.5.1\xmlunit-core-2.5.1.jar;D:\TMS\maven_repo\org\apache\commons\commons-lang3\3.7\commons-lang3-3.7.jar;"/>
    <property name="sun.cpu.endian" value="little"/>
    <property name="user.home" value="C:\Users\RMEHDI"/>
    <property name="user.language" value="es"/>
    <property name="java.specification.vendor" value="Oracle Corporation"/>
    <property name="java.home" value="D:\TMS\jdks\jdk1.8.0_121\jre"/>
    <property name="basedir" value="D:\workspaces\Spring\runthecode\persistence"/>
    <property name="file.separator" value="\"/>
    <property name="line.separator" value="&#10;"/>
    <property name="java.vm.specification.vendor" value="Oracle Corporation"/>
    <property name="java.specification.name" value="Java Platform API Specification"/>
    <property name="java.awt.graphicsenv" value="sun.awt.Win32GraphicsEnvironment"/>
    <property name="surefire.real.class.path" value="C:\Users\RMEHDI\AppData\Local\Temp\surefire3079360321278923778\surefirebooter4840162704160732401.jar"/>
    <property name="sun.boot.class.path" value="D:\TMS\jdks\jdk1.8.0_121\jre\lib\resources.jar;D:\TMS\jdks\jdk1.8.0_121\jre\lib\rt.jar;D:\TMS\jdks\jdk1.8.0_121\jre\lib\sunrsasign.jar;D:\TMS\jdks\jdk1.8.0_121\jre\lib\jsse.jar;D:\TMS\jdks\jdk1.8.0_121\jre\lib\jce.jar;D:\TMS\jdks\jdk1.8.0_121\jre\lib\charsets.jar;D:\TMS\jdks\jdk1.8.0_121\jre\lib\jfr.jar;D:\TMS\jdks\jdk1.8.0_121\jre\classes"/>
    <property name="user.script" value=""/>
    <property name="sun.management.compiler" value="HotSpot Client Compiler"/>
    <property name="java.runtime.version" value="1.8.0_121-b13"/>
    <property name="user.name" value="RMehdi"/>
    <property name="path.separator" value=";"/>
    <property name="os.version" value="10.0"/>
    <property name="java.endorsed.dirs" value="D:\TMS\jdks\jdk1.8.0_121\jre\lib\endorsed"/>
    <property name="java.runtime.name" value="Java(TM) SE Runtime Environment"/>
    <property name="file.encoding" value="Cp1252"/>
    <property name="java.vm.name" value="Java HotSpot(TM) Client VM"/>
    <property name="localRepository" value="D:\TMS\maven_repo"/>
    <property name="java.vendor.url.bug" value="http://bugreport.sun.com/bugreport/"/>
    <property name="java.io.tmpdir" value="C:\Users\RMEHDI\AppData\Local\Temp\"/>
    <property name="java.version" value="1.8.0_121"/>
    <property name="user.dir" value="D:\workspaces\Spring\runthecode\persistence"/>
    <property name="os.arch" value="x86"/>
    <property name="java.vm.specification.name" value="Java Virtual Machine Specification"/>
    <property name="java.awt.printerjob" value="sun.awt.windows.WPrinterJob"/>
    <property name="sun.os.patch.level" value=""/>
    <property name="java.library.path" value="D:\TMS\jdks\jdk1.8.0_121\jre\bin;C:\Windows\Sun\Java\bin;C:\Windows\system32;C:\Windows;%MAVEN_HOME%\bin;%JAVA_HOME%\bin;C:\ProgramData\DockerDesktop\version-bin;C:\Program Files\Docker\Docker\Resources\bin;C:\oracle\instantclient;c:\oracle\11.2.0.4\client_1\bin;C:\Program Files (x86)\Intel\iCLS Client\;C:\Program Files\Intel\iCLS Client\;C:\Windows\system32;C:\Windows;C:\Windows\System32\Wbem;C:\Windows\System32\WindowsPowerShell\v1.0\;C:\Program Files (x86)\Enterprise Vault\EVClient\;C:\Program Files (x86)\Intel\Intel(R) Management Engine Components\DAL;C:\Program Files\Intel\Intel(R) Management Engine Components\DAL;C:\Program Files (x86)\Intel\Intel(R) Management Engine Components\IPT;C:\Program Files\Intel\Intel(R) Management Engine Components\IPT;C:\Program Files\Intel\WiFi\bin\;C:\Program Files\Common Files\Intel\WirelessCommon\;C:\Program Files\TortoiseSVN\bin;C:\Program Files\nodejs\;C:\Python27\;C:\HashiCorp\Vagrant\bin;C:\Program Files\Git\cmd;C:\Users\RMEHDI\AppData\Local\Microsoft\WindowsApps;C:\Users\RMEHDI\AppData\Roaming\npm;."/>
    <property name="java.vm.info" value="mixed mode"/>
    <property name="java.vendor" value="Oracle Corporation"/>
    <property name="java.vm.version" value="25.121-b13"/>
    <property name="java.ext.dirs" value="D:\TMS\jdks\jdk1.8.0_121\jre\lib\ext;C:\Windows\Sun\Java\lib\ext"/>
    <property name="sun.io.unicode.encoding" value="UnicodeLittle"/>
    <property name="java.class.version" value="52.0"/>
  </properties>
  <testcase name="testCountStoreData" classname="com.persistence.entities.repository.UserRepositoryTests" time="0.484"/>
  <testcase name="testFindByEmail" classname="com.persistence.entities.repository.UserRepositoryTests" time="0.329"/>
  <testcase name="testFindByApellido" classname="com.persistence.entities.repository.UserRepositoryTests" time="0.387"/>
  <testcase name="testDuplicatedUserData" classname="com.persistence.entities.repository.UserRepositoryTests" time="0.405"/>
</testsuite>